Requirement already satisfied: pip in ./venv/lib/python3.12/site-packages (25.3)
Requirement already satisfied: requests in ./venv/lib/python3.12/site-packages (from -r requirements.txt (line 1)) (2.32.5)
Requirement already satisfied: mysql-connector-python in ./venv/lib/python3.12/site-packages (from -r requirements.txt (line 2)) (9.5.0)
Requirement already satisfied: pandas in ./venv/lib/python3.12/site-packages (from -r requirements.txt (line 3)) (2.3.3)
Requirement already satisfied: python-dotenv in ./venv/lib/python3.12/site-packages (from -r requirements.txt (line 4)) (1.2.1)
Requirement already satisfied: streamlit in ./venv/lib/python3.12/site-packages (from -r requirements.txt (line 5)) (1.51.0)
Requirement already satisfied: charset_normalizer<4,>=2 in ./venv/lib/python3.12/site-packages (from requests->-r requirements.txt (line 1)) (3.4.4)
Requirement already satisfied: idna<4,>=2.5 in ./venv/lib/python3.12/site-packages (from requests->-r requirements.txt (line 1)) (3.11)
Requirement already satisfied: urllib3<3,>=1.21.1 in ./venv/lib/python3.12/site-packages (from requests->-r requirements.txt (line 1)) (2.5.0)
Requirement already satisfied: certifi>=2017.4.17 in ./venv/lib/python3.12/site-packages (from requests->-r requirements.txt (line 1)) (2025.11.12)
Requirement already satisfied: numpy>=1.26.0 in ./venv/lib/python3.12/site-packages (from pandas->-r requirements.txt (line 3)) (2.3.5)
Requirement already satisfied: python-dateutil>=2.8.2 in ./venv/lib/python3.12/site-packages (from pandas->-r requirements.txt (line 3)) (2.9.0.post0)
Requirement already satisfied: pytz>=2020.1 in ./venv/lib/python3.12/site-packages (from pandas->-r requirements.txt (line 3)) (2025.2)
Requirement already satisfied: tzdata>=2022.7 in ./venv/lib/python3.12/site-packages (from pandas->-r requirements.txt (line 3)) (2025.2)
Requirement already satisfied: altair!=5.4.0,!=5.4.1,<6,>=4.0 in ./venv/lib/python3.12/site-packages (from streamlit->-r requirements.txt (line 5)) (5.5.0)
Requirement already satisfied: blinker<2,>=1.5.0 in ./venv/lib/python3.12/site-packages (from streamlit->-r requirements.txt (line 5)) (1.9.0)
Requirement already satisfied: cachetools<7,>=4.0 in ./venv/lib/python3.12/site-packages (from streamlit->-r requirements.txt (line 5)) (6.2.2)
Requirement already satisfied: click<9,>=7.0 in ./venv/lib/python3.12/site-packages (from streamlit->-r requirements.txt (line 5)) (8.3.1)
Requirement already satisfied: packaging<26,>=20 in ./venv/lib/python3.12/site-packages (from streamlit->-r requirements.txt (line 5)) (25.0)
Requirement already satisfied: pillow<13,>=7.1.0 in ./venv/lib/python3.12/site-packages (from streamlit->-r requirements.txt (line 5)) (12.0.0)
Requirement already satisfied: protobuf<7,>=3.20 in ./venv/lib/python3.12/site-packages (from streamlit->-r requirements.txt (line 5)) (6.33.1)
Requirement already satisfied: pyarrow<22,>=7.0 in ./venv/lib/python3.12/site-packages (from streamlit->-r requirements.txt (line 5)) (21.0.0)
Requirement already satisfied: tenacity<10,>=8.1.0 in ./venv/lib/python3.12/site-packages (from streamlit->-r requirements.txt (line 5)) (9.1.2)
Requirement already satisfied: toml<2,>=0.10.1 in ./venv/lib/python3.12/site-packages (from streamlit->-r requirements.txt (line 5)) (0.10.2)
Requirement already satisfied: typing-extensions<5,>=4.4.0 in ./venv/lib/python3.12/site-packages (from streamlit->-r requirements.txt (line 5)) (4.15.0)
Requirement already satisfied: watchdog<7,>=2.1.5 in ./venv/lib/python3.12/site-packages (from streamlit->-r requirements.txt (line 5)) (6.0.0)
Requirement already satisfied: gitpython!=3.1.19,<4,>=3.0.7 in ./venv/lib/python3.12/site-packages (from streamlit->-r requirements.txt (line 5)) (3.1.45)
Requirement already satisfied: pydeck<1,>=0.8.0b4 in ./venv/lib/python3.12/site-packages (from streamlit->-r requirements.txt (line 5)) (0.9.1)
Requirement already satisfied: tornado!=6.5.0,<7,>=6.0.3 in ./venv/lib/python3.12/site-packages (from streamlit->-r requirements.txt (line 5)) (6.5.2)
Requirement already satisfied: jinja2 in ./venv/lib/python3.12/site-packages (from altair!=5.4.0,!=5.4.1,<6,>=4.0->streamlit->-r requirements.txt (line 5)) (3.1.6)
Requirement already satisfied: jsonschema>=3.0 in ./venv/lib/python3.12/site-packages (from altair!=5.4.0,!=5.4.1,<6,>=4.0->streamlit->-r requirements.txt (line 5)) (4.25.1)
Requirement already satisfied: narwhals>=1.14.2 in ./venv/lib/python3.12/site-packages (from altair!=5.4.0,!=5.4.1,<6,>=4.0->streamlit->-r requirements.txt (line 5)) (2.12.0)
Requirement already satisfied: gitdb<5,>=4.0.1 in ./venv/lib/python3.12/site-packages (from gitpython!=3.1.19,<4,>=3.0.7->streamlit->-r requirements.txt (line 5)) (4.0.12)
Requirement already satisfied: smmap<6,>=3.0.1 in ./venv/lib/python3.12/site-packages (from gitdb<5,>=4.0.1->gitpython!=3.1.19,<4,>=3.0.7->streamlit->-r requirements.txt (line 5)) (5.0.2)
Requirement already satisfied: MarkupSafe>=2.0 in ./venv/lib/python3.12/site-packages (from jinja2->altair!=5.4.0,!=5.4.1,<6,>=4.0->streamlit->-r requirements.txt (line 5)) (3.0.3)
Requirement already satisfied: attrs>=22.2.0 in ./venv/lib/python3.12/site-packages (from jsonschema>=3.0->altair!=5.4.0,!=5.4.1,<6,>=4.0->streamlit->-r requirements.txt (line 5)) (25.4.0)
Requirement already satisfied: jsonschema-specifications>=2023.03.6 in ./venv/lib/python3.12/site-packages (from jsonschema>=3.0->altair!=5.4.0,!=5.4.1,<6,>=4.0->streamlit->-r requirements.txt (line 5)) (2025.9.1)
Requirement already satisfied: referencing>=0.28.4 in ./venv/lib/python3.12/site-packages (from jsonschema>=3.0->altair!=5.4.0,!=5.4.1,<6,>=4.0->streamlit->-r requirements.txt (line 5)) (0.37.0)
Requirement already satisfied: rpds-py>=0.7.1 in ./venv/lib/python3.12/site-packages (from jsonschema>=3.0->altair!=5.4.0,!=5.4.1,<6,>=4.0->streamlit->-r requirements.txt (line 5)) (0.29.0)
Requirement already satisfied: six>=1.5 in ./venv/lib/python3.12/site-packages (from python-dateutil>=2.8.2->pandas->-r requirements.txt (line 3)) (1.17.0)
Data tallennettu: Helsinki 0.36°C light snow @ 2025-11-21 18:00:03.105866
Requirement already satisfied: pip in ./venv/lib/python3.12/site-packages (25.3)
Requirement already satisfied: requests in ./venv/lib/python3.12/site-packages (from -r requirements.txt (line 1)) (2.32.5)
Requirement already satisfied: mysql-connector-python in ./venv/lib/python3.12/site-packages (from -r requirements.txt (line 2)) (9.5.0)
Requirement already satisfied: pandas in ./venv/lib/python3.12/site-packages (from -r requirements.txt (line 3)) (2.3.3)
Requirement already satisfied: python-dotenv in ./venv/lib/python3.12/site-packages (from -r requirements.txt (line 4)) (1.2.1)
Requirement already satisfied: streamlit in ./venv/lib/python3.12/site-packages (from -r requirements.txt (line 5)) (1.51.0)
Requirement already satisfied: charset_normalizer<4,>=2 in ./venv/lib/python3.12/site-packages (from requests->-r requirements.txt (line 1)) (3.4.4)
Requirement already satisfied: idna<4,>=2.5 in ./venv/lib/python3.12/site-packages (from requests->-r requirements.txt (line 1)) (3.11)
Requirement already satisfied: urllib3<3,>=1.21.1 in ./venv/lib/python3.12/site-packages (from requests->-r requirements.txt (line 1)) (2.5.0)
Requirement already satisfied: certifi>=2017.4.17 in ./venv/lib/python3.12/site-packages (from requests->-r requirements.txt (line 1)) (2025.11.12)
Requirement already satisfied: numpy>=1.26.0 in ./venv/lib/python3.12/site-packages (from pandas->-r requirements.txt (line 3)) (2.3.5)
Requirement already satisfied: python-dateutil>=2.8.2 in ./venv/lib/python3.12/site-packages (from pandas->-r requirements.txt (line 3)) (2.9.0.post0)
Requirement already satisfied: pytz>=2020.1 in ./venv/lib/python3.12/site-packages (from pandas->-r requirements.txt (line 3)) (2025.2)
Requirement already satisfied: tzdata>=2022.7 in ./venv/lib/python3.12/site-packages (from pandas->-r requirements.txt (line 3)) (2025.2)
Requirement already satisfied: altair!=5.4.0,!=5.4.1,<6,>=4.0 in ./venv/lib/python3.12/site-packages (from streamlit->-r requirements.txt (line 5)) (5.5.0)
Requirement already satisfied: blinker<2,>=1.5.0 in ./venv/lib/python3.12/site-packages (from streamlit->-r requirements.txt (line 5)) (1.9.0)
Requirement already satisfied: cachetools<7,>=4.0 in ./venv/lib/python3.12/site-packages (from streamlit->-r requirements.txt (line 5)) (6.2.2)
Requirement already satisfied: click<9,>=7.0 in ./venv/lib/python3.12/site-packages (from streamlit->-r requirements.txt (line 5)) (8.3.1)
Requirement already satisfied: packaging<26,>=20 in ./venv/lib/python3.12/site-packages (from streamlit->-r requirements.txt (line 5)) (25.0)
Requirement already satisfied: pillow<13,>=7.1.0 in ./venv/lib/python3.12/site-packages (from streamlit->-r requirements.txt (line 5)) (12.0.0)
Requirement already satisfied: protobuf<7,>=3.20 in ./venv/lib/python3.12/site-packages (from streamlit->-r requirements.txt (line 5)) (6.33.1)
Requirement already satisfied: pyarrow<22,>=7.0 in ./venv/lib/python3.12/site-packages (from streamlit->-r requirements.txt (line 5)) (21.0.0)
Requirement already satisfied: tenacity<10,>=8.1.0 in ./venv/lib/python3.12/site-packages (from streamlit->-r requirements.txt (line 5)) (9.1.2)
Requirement already satisfied: toml<2,>=0.10.1 in ./venv/lib/python3.12/site-packages (from streamlit->-r requirements.txt (line 5)) (0.10.2)
Requirement already satisfied: typing-extensions<5,>=4.4.0 in ./venv/lib/python3.12/site-packages (from streamlit->-r requirements.txt (line 5)) (4.15.0)
Requirement already satisfied: watchdog<7,>=2.1.5 in ./venv/lib/python3.12/site-packages (from streamlit->-r requirements.txt (line 5)) (6.0.0)
Requirement already satisfied: gitpython!=3.1.19,<4,>=3.0.7 in ./venv/lib/python3.12/site-packages (from streamlit->-r requirements.txt (line 5)) (3.1.45)
Requirement already satisfied: pydeck<1,>=0.8.0b4 in ./venv/lib/python3.12/site-packages (from streamlit->-r requirements.txt (line 5)) (0.9.1)
Requirement already satisfied: tornado!=6.5.0,<7,>=6.0.3 in ./venv/lib/python3.12/site-packages (from streamlit->-r requirements.txt (line 5)) (6.5.2)
Requirement already satisfied: jinja2 in ./venv/lib/python3.12/site-packages (from altair!=5.4.0,!=5.4.1,<6,>=4.0->streamlit->-r requirements.txt (line 5)) (3.1.6)
Requirement already satisfied: jsonschema>=3.0 in ./venv/lib/python3.12/site-packages (from altair!=5.4.0,!=5.4.1,<6,>=4.0->streamlit->-r requirements.txt (line 5)) (4.25.1)
Requirement already satisfied: narwhals>=1.14.2 in ./venv/lib/python3.12/site-packages (from altair!=5.4.0,!=5.4.1,<6,>=4.0->streamlit->-r requirements.txt (line 5)) (2.12.0)
Requirement already satisfied: gitdb<5,>=4.0.1 in ./venv/lib/python3.12/site-packages (from gitpython!=3.1.19,<4,>=3.0.7->streamlit->-r requirements.txt (line 5)) (4.0.12)
Requirement already satisfied: smmap<6,>=3.0.1 in ./venv/lib/python3.12/site-packages (from gitdb<5,>=4.0.1->gitpython!=3.1.19,<4,>=3.0.7->streamlit->-r requirements.txt (line 5)) (5.0.2)
Requirement already satisfied: MarkupSafe>=2.0 in ./venv/lib/python3.12/site-packages (from jinja2->altair!=5.4.0,!=5.4.1,<6,>=4.0->streamlit->-r requirements.txt (line 5)) (3.0.3)
Requirement already satisfied: attrs>=22.2.0 in ./venv/lib/python3.12/site-packages (from jsonschema>=3.0->altair!=5.4.0,!=5.4.1,<6,>=4.0->streamlit->-r requirements.txt (line 5)) (25.4.0)
Requirement already satisfied: jsonschema-specifications>=2023.03.6 in ./venv/lib/python3.12/site-packages (from jsonschema>=3.0->altair!=5.4.0,!=5.4.1,<6,>=4.0->streamlit->-r requirements.txt (line 5)) (2025.9.1)
Requirement already satisfied: referencing>=0.28.4 in ./venv/lib/python3.12/site-packages (from jsonschema>=3.0->altair!=5.4.0,!=5.4.1,<6,>=4.0->streamlit->-r requirements.txt (line 5)) (0.37.0)
Requirement already satisfied: rpds-py>=0.7.1 in ./venv/lib/python3.12/site-packages (from jsonschema>=3.0->altair!=5.4.0,!=5.4.1,<6,>=4.0->streamlit->-r requirements.txt (line 5)) (0.29.0)
Requirement already satisfied: six>=1.5 in ./venv/lib/python3.12/site-packages (from python-dateutil>=2.8.2->pandas->-r requirements.txt (line 3)) (1.17.0)
Data tallennettu: Helsinki 0.36°C snow @ 2025-11-21 18:15:03.176442
